
-----------------------------   Welcome to ....   ------------------------------
                      _______  _______ _______ _______ 
                     |   _   \|   _   |   _   |   _   |
                     |.  1   /|.  |   |   1___|   1___|
                     |.  _   \|.  |   |____   |____   |
                     |:  1    |:  1   |:  1   |:  1   |
                     |::.. .  |::.. . |::.. . |::.. . |
                     `-------'`-------`-------`-------'

                                 Version 0.9.1                                  
                              16-11-2018 08:37:23                               
--------------------------------------------------------------------------------

| Reading BOSS input file from: in_2D
| Initializing...

--------------------------------------------------------------------------------
                                   INPUT FILE                                   
--------------------------------------------------------------------------------
# input file for alanine 2D (d4-d13)

# optimization
userfn       userfn_2D.py
bounds       -50 310; -50 310
kernel       stdp
yrange       0 100
initpts      5
iterpts      40
verbosity    2

--------------------------------------------------------------------------------
                               SIMULATION OPTIONS                               
--------------------------------------------------------------------------------
|| File input/output 
ipfile         in_2D
userfn         userfn_2D.py
outfile        boss.out
rstfile        boss.rst

|| Key settings 
bounds        -5.000E+01 3.100E+02;    -5.000E+01 3.100E+02
kerntype       stdp stdp
yrange         0.000E+00 1.000E+02
noise          1.000E-12
inittype       sobol
initpts   5    iterpts   40
verbosity      2

|| Data acquisition 
acqfn                elcb
acqtol               1.000E-03

|| GP hyperparameters 
thetainit       5.000E+01 3.142E-01
thetabounds     none
thetaprior      gamma
thetapriorpar   3.549E+00 5.111E-02;    5.618E+00 8.634E+00

|| Hyperparameter optimization
updatefreq   1  initupdate      2
updateoffset 0  updaterestarts  2


--------------------------------------------------------------------------------
                              INITIAL DATAPOINT 1                               
--------------------------------------------------------------------------------
| Evaluating objective function at x = -5.000E+01 -5.000E+01
| Objective function evaluated, time [s]        1.921
| Data point added to dataset (x y): 
 -5.0000000000E+01 -5.0000000000E+01       2.5850500000E+01

| Total ensemble size: 1
| Next sampling location x_next:
  1.3000000000E+02  1.3000000000E+02

Iteration time [s]:    1.931        Total time [s]:    2.143

--------------------------------------------------------------------------------
                              INITIAL DATAPOINT 2                               
--------------------------------------------------------------------------------
| Evaluating objective function at x = 1.300E+02 1.300E+02
| Objective function evaluated, time [s]        0.455
| Data point added to dataset (x y): 
  1.3000000000E+02  1.3000000000E+02       2.7532400000E+01

| Total ensemble size: 2
| Next sampling location x_next:
  2.2000000000E+02  4.0000000000E+01

Iteration time [s]:    0.460        Total time [s]:    2.609

--------------------------------------------------------------------------------
                              INITIAL DATAPOINT 3                               
--------------------------------------------------------------------------------
| Evaluating objective function at x = 2.200E+02 4.000E+01
| Objective function evaluated, time [s]        0.429
| Data point added to dataset (x y): 
  2.2000000000E+02  4.0000000000E+01       2.6648900000E+01

| Total ensemble size: 3
| Next sampling location x_next:
  4.0000000000E+01  2.2000000000E+02

Iteration time [s]:    0.434        Total time [s]:    3.046

--------------------------------------------------------------------------------
                              INITIAL DATAPOINT 4                               
--------------------------------------------------------------------------------
| Evaluating objective function at x = 4.000E+01 2.200E+02
| Objective function evaluated, time [s]        0.392
| Data point added to dataset (x y): 
  4.0000000000E+01  2.2000000000E+02       2.3484900000E+01

| Total ensemble size: 4
| Next sampling location x_next:
  8.5000000000E+01  8.5000000000E+01

Iteration time [s]:    0.397        Total time [s]:    3.447

--------------------------------------------------------------------------------
                              INITIAL DATAPOINT 5                               
--------------------------------------------------------------------------------
| Evaluating objective function at x = 8.500E+01 8.500E+01
| Objective function evaluated, time [s]        0.408
| Data point added to dataset (x y): 
  8.5000000000E+01  8.5000000000E+01       3.3772500000E+01

| Total ensemble size: 5
| Best acquisition, x_best y_best:
  4.0000000000E+01  2.2000000000E+02       2.3484900000E+01
| Global minimum prediction, x_hat mu_hat +- nu_hat:
  2.9755757288E+01  2.2526935140E+02       2.3434218336E+01  7.2719644420E-01

| GP model hyperparameters (lengthscales variance):
  6.1152413774E-01  5.5686569732E-01       3.1028296163E+01
| Next sampling location x_next:
  2.1067582917E+02  2.1918140550E+02

Iteration time [s]:    0.815        Total time [s]:    4.265

--------------------------------------------------------------------------------
                                 BO ITERATION 1                                 
--------------------------------------------------------------------------------
| Evaluating objective function at x = 2.107E+02 2.192E+02
| Objective function evaluated, time [s]        0.447
| Data point added to dataset (x y): 
  2.1067582917E+02  2.1918140550E+02       2.9993000000E+01

| Total ensemble size: 6
| Best acquisition, x_best y_best:
  4.0000000000E+01  2.2000000000E+02       2.3484900000E+01
| Global minimum prediction, x_hat mu_hat +- nu_hat:
  3.2656283821E+01  2.2560558249E+02       2.3432772448E+01  5.6135281214E-01
| Global minimum convergence, d_xhat d_muhat:
  2.9199495729E+00  1.4054668004E-04

| GP model hyperparameters (lengthscales variance):
  5.4327143932E-01  5.1899325834E-01       2.7974769724E+01
| Next sampling location x_next:
 -3.2748819626E+01  1.6506451696E+02

Iteration time [s]:    0.833        Total time [s]:    5.102

--------------------------------------------------------------------------------
                                 BO ITERATION 2                                 
--------------------------------------------------------------------------------
| Evaluating objective function at x = -3.275E+01 1.651E+02
| Objective function evaluated, time [s]        0.411
| Data point added to dataset (x y): 
 -3.2748819626E+01  1.6506451696E+02       2.1511800000E+01

| Total ensemble size: 7
| Best acquisition, x_best y_best:
 -3.2748819626E+01  1.6506451696E+02       2.1511800000E+01
| Global minimum prediction, x_hat mu_hat +- nu_hat:
 -2.1264911618E+01  1.7791285400E+02       2.1337049490E+01  1.3809209942E+00
| Global minimum convergence, d_xhat d_muhat:
  7.1986746476E+01  1.7093012291E-01

| GP model hyperparameters (lengthscales variance):
  5.3827048242E-01  5.3651990290E-01       2.8500468231E+01
| Next sampling location x_next:
  2.8000691739E+02  1.1103568675E+02

Iteration time [s]:    0.796        Total time [s]:    5.902

--------------------------------------------------------------------------------
                                 BO ITERATION 3                                 
--------------------------------------------------------------------------------
| Evaluating objective function at x = 2.800E+02 1.110E+02
| Objective function evaluated, time [s]        0.410
| Data point added to dataset (x y): 
  2.8000691739E+02  1.1103568675E+02       3.4636700000E+01

| Total ensemble size: 8
| Best acquisition, x_best y_best:
 -3.2748819626E+01  1.6506451696E+02       2.1511800000E+01
| Global minimum prediction, x_hat mu_hat +- nu_hat:
 -9.2074578092E+00  1.8038116630E+02       2.0141075178E+01  3.8995318761E+00
| Global minimum convergence, d_xhat d_muhat:
  1.2307508195E+01  9.1122546647E-02

| GP model hyperparameters (lengthscales variance):
  6.0710723352E-01  3.7949787918E-01       3.4143749448E+01
| Next sampling location x_next:
  4.7992034434E+01  1.6865584307E+02

Iteration time [s]:    0.873        Total time [s]:    6.779

--------------------------------------------------------------------------------
                                 BO ITERATION 4                                 
--------------------------------------------------------------------------------
| Evaluating objective function at x = 4.799E+01 1.687E+02
| Objective function evaluated, time [s]        0.408
| Data point added to dataset (x y): 
  4.7992034434E+01  1.6865584307E+02       1.8232700000E+01

| Total ensemble size: 9
| Best acquisition, x_best y_best:
  4.7992034434E+01  1.6865584307E+02       1.8232700000E+01
| Global minimum prediction, x_hat mu_hat +- nu_hat:
  3.7050654010E+01  1.7401007921E+02       1.8035606576E+01  3.9776706974E-01
| Global minimum convergence, d_xhat d_muhat:
  4.6694792641E+01  1.2835092670E-01

| GP model hyperparameters (lengthscales variance):
  7.8106448609E-01  3.6858538030E-01       3.4588691334E+01
| Next sampling location x_next:
  1.2503478533E+02 -1.7332430864E+01

Iteration time [s]:    0.936        Total time [s]:    7.720

--------------------------------------------------------------------------------
                                 BO ITERATION 5                                 
--------------------------------------------------------------------------------
| Evaluating objective function at x = 1.250E+02 -1.733E+01
| Objective function evaluated, time [s]        0.506
| Data point added to dataset (x y): 
  1.2503478533E+02 -1.7332430864E+01       3.5100500000E+01

| Total ensemble size: 10
| Best acquisition, x_best y_best:
  4.7992034434E+01  1.6865584307E+02       1.8232700000E+01
| Global minimum prediction, x_hat mu_hat +- nu_hat:
  3.1716125432E+01  1.7379940576E+02       1.7931565532E+01  8.3906119520E-01
| Global minimum convergence, d_xhat d_muhat:
  5.3386869597E+00  6.1680269039E-03

| GP model hyperparameters (lengthscales variance):
  6.7587465737E-01  3.7946642547E-01       3.8040530175E+01
| Next sampling location x_next:
  1.1122996351E+02  1.8468949722E+02

Iteration time [s]:    1.088        Total time [s]:    8.812

--------------------------------------------------------------------------------
                                 BO ITERATION 6                                 
--------------------------------------------------------------------------------
| Evaluating objective function at x = 1.112E+02 1.847E+02
| Objective function evaluated, time [s]        0.473
| Data point added to dataset (x y): 
  1.1122996351E+02  1.8468949722E+02       2.0328900000E+01

| Total ensemble size: 11
| Best acquisition, x_best y_best:
  4.7992034434E+01  1.6865584307E+02       1.8232700000E+01
| Global minimum prediction, x_hat mu_hat +- nu_hat:
  4.6934194459E+01  1.7579187383E+02       1.7990266962E+01  3.5793577470E-01
| Global minimum convergence, d_xhat d_muhat:
  1.5347949502E+01  3.4800880767E-03

| GP model hyperparameters (lengthscales variance):
  7.8128615157E-01  3.6957808164E-01       3.7031498302E+01
| Next sampling location x_next:
  3.1000000000E+02  1.2914095643E+01

Iteration time [s]:    1.118        Total time [s]:    9.935

--------------------------------------------------------------------------------
                                 BO ITERATION 7                                 
--------------------------------------------------------------------------------
| Evaluating objective function at x = 3.100E+02 1.291E+01
| Objective function evaluated, time [s]        0.394
| Data point added to dataset (x y): 
  3.1000000000E+02  1.2914095643E+01       2.5068100000E+01

| Total ensemble size: 12
| Best acquisition, x_best y_best:
  4.7992034434E+01  1.6865584307E+02       1.8232700000E+01
| Global minimum prediction, x_hat mu_hat +- nu_hat:
  4.6506557373E+01  1.7582762706E+02       1.7991813417E+01  3.1647953035E-01
| Global minimum convergence, d_xhat d_muhat:
  4.2912908437E-01  9.1680894113E-05

| GP model hyperparameters (lengthscales variance):
  7.9789973557E-01  3.8186124179E-01       3.6139098658E+01
| Next sampling location x_next:
  2.1489047634E+00  1.9035749472E+02

Iteration time [s]:    1.060        Total time [s]:   11.001

--------------------------------------------------------------------------------
                                 BO ITERATION 8                                 
--------------------------------------------------------------------------------
| Evaluating objective function at x = 2.149E+00 1.904E+02
| Objective function evaluated, time [s]        0.459
| Data point added to dataset (x y): 
  2.1489047634E+00  1.9035749472E+02       2.0765700000E+01

| Total ensemble size: 13
| Best acquisition, x_best y_best:
  4.7992034434E+01  1.6865584307E+02       1.8232700000E+01
| Global minimum prediction, x_hat mu_hat +- nu_hat:
  5.5729860223E+01  1.7278503991E+02       1.8130769236E+01  8.5557932347E-02
| Global minimum convergence, d_xhat d_muhat:
  9.7121908965E+00  8.2379337540E-03

| GP model hyperparameters (lengthscales variance):
  8.3393259285E-01  3.8801635848E-01       3.5876251657E+01
| Next sampling location x_next:
  3.7181202594E+01  2.7632538324E+02

Iteration time [s]:    1.121        Total time [s]:   12.126

--------------------------------------------------------------------------------
                                 BO ITERATION 9                                 
--------------------------------------------------------------------------------
| Evaluating objective function at x = 3.718E+01 2.763E+02
| Objective function evaluated, time [s]        0.409
| Data point added to dataset (x y): 
  3.7181202594E+01  2.7632538324E+02       3.3357800000E+01

| Total ensemble size: 14
| Best acquisition, x_best y_best:
  4.7992034434E+01  1.6865584307E+02       1.8232700000E+01
| Global minimum prediction, x_hat mu_hat +- nu_hat:
  5.7476465429E+01  1.7513179839E+02       1.8048307397E+01  2.1662956249E-01
| Global minimum convergence, d_xhat d_muhat:
  2.9253897321E+00  4.8887133132E-03

| GP model hyperparameters (lengthscales variance):
  7.4785037022E-01  4.0531991033E-01       3.8472214157E+01
| Next sampling location x_next:
  2.4604643159E+02 -1.6901282774E+01

Iteration time [s]:    1.061        Total time [s]:   13.190

--------------------------------------------------------------------------------
                                BO ITERATION 10                                 
--------------------------------------------------------------------------------
| Evaluating objective function at x = 2.460E+02 -1.690E+01
| Objective function evaluated, time [s]        0.411
| Data point added to dataset (x y): 
  2.4604643159E+02 -1.6901282774E+01       2.1643300000E+01

| Total ensemble size: 15
| Best acquisition, x_best y_best:
  4.7992034434E+01  1.6865584307E+02       1.8232700000E+01
| Global minimum prediction, x_hat mu_hat +- nu_hat:
  5.8906254939E+01  1.7559195835E+02       1.8024625490E+01  2.3699378412E-01
| Global minimum convergence, d_xhat d_muhat:
  1.5020137271E+00  1.4039712930E-03

| GP model hyperparameters (lengthscales variance):
  7.4583352853E-01  4.5376709064E-01       4.2772476749E+01
| Next sampling location x_next:
  1.5014128820E+01  1.4658173134E+02

Iteration time [s]:    1.197        Total time [s]:   14.392

--------------------------------------------------------------------------------
                                BO ITERATION 11                                 
--------------------------------------------------------------------------------
| Evaluating objective function at x = 1.501E+01 1.466E+02
| Objective function evaluated, time [s]        0.429
| Data point added to dataset (x y): 
  1.5014128820E+01  1.4658173134E+02       2.3899200000E+01

| Total ensemble size: 16
| Best acquisition, x_best y_best:
  4.7992034434E+01  1.6865584307E+02       1.8232700000E+01
| Global minimum prediction, x_hat mu_hat +- nu_hat:
  6.3858879961E+01  1.7796297074E+02       1.7522843402E+01  1.7121434090E-01
| Global minimum convergence, d_xhat d_muhat:
  5.4909192635E+00  2.9747927312E-02

| GP model hyperparameters (lengthscales variance):
  7.5918718592E-01  4.2990756189E-01       4.2376381838E+01
| Next sampling location x_next:
  2.2343175219E+02  1.6615976435E+02

Iteration time [s]:    1.314        Total time [s]:   15.711

--------------------------------------------------------------------------------
                                BO ITERATION 12                                 
--------------------------------------------------------------------------------
| Evaluating objective function at x = 2.234E+02 1.662E+02
| Objective function evaluated, time [s]        0.467
| Data point added to dataset (x y): 
  2.2343175219E+02  1.6615976435E+02       2.6900000000E+01

| Total ensemble size: 17
| Best acquisition, x_best y_best:
  4.7992034434E+01  1.6865584307E+02       1.8232700000E+01
| Global minimum prediction, x_hat mu_hat +- nu_hat:
  6.5042113997E+01  1.7816360139E+02       1.7452346875E+01  1.5901179336E-01
| Global minimum convergence, d_xhat d_muhat:
  1.2001230931E+00  4.1793551460E-03

| GP model hyperparameters (lengthscales variance):
  7.5370248601E-01  4.4843613618E-01       4.1929577849E+01
| Next sampling location x_next:
  6.6666117411E+01  1.8893160529E+02

Iteration time [s]:    1.438        Total time [s]:   17.154

--------------------------------------------------------------------------------
                                BO ITERATION 13                                 
--------------------------------------------------------------------------------
| Evaluating objective function at x = 6.667E+01 1.889E+02
| Objective function evaluated, time [s]        0.423
| Data point added to dataset (x y): 
  6.6666117411E+01  1.8893160529E+02       1.7864900000E+01

| Total ensemble size: 18
| Best acquisition, x_best y_best:
  6.6666117411E+01  1.8893160529E+02       1.7864900000E+01
| Global minimum prediction, x_hat mu_hat +- nu_hat:
  6.5800227163E+01  1.7826835839E+02       1.7404973351E+01  3.4774744732E-02
| Global minimum convergence, d_xhat d_muhat:
  7.6531666884E-01  2.7485857313E-03

| GP model hyperparameters (lengthscales variance):
  7.8865498132E-01  4.8855869373E-01       4.5442259123E+01
| Next sampling location x_next:
  2.9352796816E+02  2.0062166061E+02

Iteration time [s]:    1.345        Total time [s]:   18.503

--------------------------------------------------------------------------------
                                BO ITERATION 14                                 
--------------------------------------------------------------------------------
| Evaluating objective function at x = 2.935E+02 2.006E+02
| Objective function evaluated, time [s]        0.458
| Data point added to dataset (x y): 
  2.9352796816E+02  2.0062166061E+02       2.2693700000E+01

| Total ensemble size: 19
| Best acquisition, x_best y_best:
  6.6666117411E+01  1.8893160529E+02       1.7864900000E+01
| Global minimum prediction, x_hat mu_hat +- nu_hat:
  6.7059939046E+01  1.7772577665E+02       1.7374630319E+01  3.5463200766E-02
| Global minimum convergence, d_xhat d_muhat:
  1.3715935911E+00  1.7604859891E-03

| GP model hyperparameters (lengthscales variance):
  8.0775154847E-01  5.1608364516E-01       4.7396460090E+01
| Next sampling location x_next:
  7.9731725466E+01  1.6911086944E+02

Iteration time [s]:    1.554        Total time [s]:   20.061

--------------------------------------------------------------------------------
                                BO ITERATION 15                                 
--------------------------------------------------------------------------------
| Evaluating objective function at x = 7.973E+01 1.691E+02
| Objective function evaluated, time [s]        0.472
| Data point added to dataset (x y): 
  7.9731725466E+01  1.6911086944E+02       1.8605800000E+01

| Total ensemble size: 20
| Best acquisition, x_best y_best:
  6.6666117411E+01  1.8893160529E+02       1.7864900000E+01
| Global minimum prediction, x_hat mu_hat +- nu_hat:
  5.9421689047E+01  1.8026774327E+02       1.7516692162E+01  7.2964741013E-03
| Global minimum convergence, d_xhat d_muhat:
  8.0501215760E+00  8.2423497647E-03

| GP model hyperparameters (lengthscales variance):
  7.6222886721E-01  4.9933517744E-01       4.5244760231E+01
| Next sampling location x_next:
  2.4366664546E+02  2.9312881104E+02

Iteration time [s]:    1.717        Total time [s]:   21.781

--------------------------------------------------------------------------------
                                BO ITERATION 16                                 
--------------------------------------------------------------------------------
| Evaluating objective function at x = 2.437E+02 2.931E+02
| Objective function evaluated, time [s]        0.503
| Data point added to dataset (x y): 
  2.4366664546E+02  2.9312881104E+02       3.5344100000E+01

| Total ensemble size: 21
| Best acquisition, x_best y_best:
  6.6666117411E+01  1.8893160529E+02       1.7864900000E+01
| Global minimum prediction, x_hat mu_hat +- nu_hat:
  6.0008967445E+01  1.8014507822E+02       1.7529002397E+01  1.1199162297E-02
| Global minimum convergence, d_xhat d_muhat:
  5.9995219124E-01  7.0427904839E-04

| GP model hyperparameters (lengthscales variance):
  7.7069437582E-01  4.3711364475E-01       4.9396172775E+01
| Next sampling location x_next:
 -2.4620568589E+00 -1.8292206255E+01

Iteration time [s]:    1.648        Total time [s]:   23.433

--------------------------------------------------------------------------------
                                BO ITERATION 17                                 
--------------------------------------------------------------------------------
| Evaluating objective function at x = -2.462E+00 -1.829E+01
| Objective function evaluated, time [s]        0.423
| Data point added to dataset (x y): 
 -2.4620568589E+00 -1.8292206255E+01       3.3144100000E+01

| Total ensemble size: 22
| Best acquisition, x_best y_best:
  6.6666117411E+01  1.8893160529E+02       1.7864900000E+01
| Global minimum prediction, x_hat mu_hat +- nu_hat:
  5.9923422058E+01  1.8010035831E+02       1.7514875305E+01  1.3167679894E-02
| Global minimum convergence, d_xhat d_muhat:
  9.6529186335E-02  8.0822298837E-04

| GP model hyperparameters (lengthscales variance):
  6.9212834759E-01  4.6209629187E-01       5.2734451483E+01
| Next sampling location x_next:
  2.6375160166E+02  6.7468993040E+00

Iteration time [s]:    1.717        Total time [s]:   25.154

--------------------------------------------------------------------------------
                                BO ITERATION 18                                 
--------------------------------------------------------------------------------
| Evaluating objective function at x = 2.638E+02 6.747E+00
| Objective function evaluated, time [s]        0.453
| Data point added to dataset (x y): 
  2.6375160166E+02  6.7468993040E+00       1.9859200000E+01

| Total ensemble size: 23
| Best acquisition, x_best y_best:
  6.6666117411E+01  1.8893160529E+02       1.7864900000E+01
| Global minimum prediction, x_hat mu_hat +- nu_hat:
  5.9922868746E+01  1.8011465362E+02       1.7518706110E+01  1.1386516524E-02
| Global minimum convergence, d_xhat d_muhat:
  1.4306012906E-02  2.1916363535E-04

| GP model hyperparameters (lengthscales variance):
  7.1459434219E-01  4.7604083757E-01       5.4380522131E+01
| Next sampling location x_next:
  1.0668708993E+02  2.2669425986E+02

Iteration time [s]:    1.733        Total time [s]:   26.891

--------------------------------------------------------------------------------
                                BO ITERATION 19                                 
--------------------------------------------------------------------------------
| Evaluating objective function at x = 1.067E+02 2.267E+02
| Objective function evaluated, time [s]        0.494
| Data point added to dataset (x y): 
  1.0668708993E+02  2.2669425986E+02       2.7083200000E+01

| Total ensemble size: 24
| Best acquisition, x_best y_best:
  6.6666117411E+01  1.8893160529E+02       1.7864900000E+01
| Global minimum prediction, x_hat mu_hat +- nu_hat:
  5.8979658135E+01  1.8034175794E+02       1.7465763017E+01  6.4038645609E-03
| Global minimum convergence, d_xhat d_muhat:
  9.7016629044E-01  3.0289197374E-03

| GP model hyperparameters (lengthscales variance):
  7.2095649174E-01  4.7971620364E-01       5.4425078972E+01
| Next sampling location x_next:
  2.8197539927E+02 -1.4053389386E+01

Iteration time [s]:    1.700        Total time [s]:   28.595

--------------------------------------------------------------------------------
                                BO ITERATION 20                                 
--------------------------------------------------------------------------------
| Evaluating objective function at x = 2.820E+02 -1.405E+01
| Objective function evaluated, time [s]        0.540
| Data point added to dataset (x y): 
  2.8197539927E+02 -1.4053389386E+01       1.8736700000E+01

| Total ensemble size: 25
| Best acquisition, x_best y_best:
  6.6666117411E+01  1.8893160529E+02       1.7864900000E+01
| Global minimum prediction, x_hat mu_hat +- nu_hat:
  5.8974810158E+01  1.8034933716E+02       1.7463680555E+01  6.1890126293E-03
| Global minimum convergence, d_xhat d_muhat:
  8.9970783052E-03  1.1913942903E-04

| GP model hyperparameters (lengthscales variance):
  7.1159565298E-01  4.9445025103E-01       5.7545554232E+01
| Next sampling location x_next:
  5.1250751325E+01  1.8201088840E+02

Iteration time [s]:    1.932        Total time [s]:   30.532

--------------------------------------------------------------------------------
                                BO ITERATION 21                                 
--------------------------------------------------------------------------------
| Evaluating objective function at x = 5.125E+01 1.820E+02
| Objective function evaluated, time [s]        0.428
| Data point added to dataset (x y): 
  5.1250751325E+01  1.8201088840E+02       1.7624800000E+01

| Total ensemble size: 26
| Best acquisition, x_best y_best:
  5.1250751325E+01  1.8201088840E+02       1.7624800000E+01
| Global minimum prediction, x_hat mu_hat +- nu_hat:
  5.9958067172E+01  1.8019993659E+02       1.7496820190E+01  1.8096429603E-03
| Global minimum convergence, d_xhat d_muhat:
  9.9454255044E-01  1.8702564393E-03

| GP model hyperparameters (lengthscales variance):
  7.3808379477E-01  5.1243952537E-01       6.1284747614E+01
| Next sampling location x_next:
  6.2337052497E+01  1.7919258425E+02

Iteration time [s]:    1.959        Total time [s]:   32.496

--------------------------------------------------------------------------------
                                BO ITERATION 22                                 
--------------------------------------------------------------------------------
| Evaluating objective function at x = 6.234E+01 1.792E+02
| Objective function evaluated, time [s]        0.459
| Data point added to dataset (x y): 
  6.2337052497E+01  1.7919258425E+02       1.7496800000E+01

| Total ensemble size: 27
| Best acquisition, x_best y_best:
  6.2337052497E+01  1.7919258425E+02       1.7496800000E+01
| Global minimum prediction, x_hat mu_hat +- nu_hat:
  6.0182328542E+01  1.8009692959E+02       1.7485525701E+01  6.3959796871E-06
| Global minimum convergence, d_xhat d_muhat:
  2.4678655696E-01  6.3284019546E-04

| GP model hyperparameters (lengthscales variance):
  7.5088873316E-01  5.2948998192E-01       6.3611055823E+01
| Next sampling location x_next:
  5.9442813066E+01  1.8026162348E+02

Iteration time [s]:    2.150        Total time [s]:   34.650

--------------------------------------------------------------------------------
                                BO ITERATION 23                                 
--------------------------------------------------------------------------------
| Evaluating objective function at x = 5.944E+01 1.803E+02
| Objective function evaluated, time [s]        0.392
| Acquisition location too confident, doing pure exploration
| Data point added to dataset (x y): 
  5.9442813066E+01  1.8026162348E+02       1.7481800000E+01

| Total ensemble size: 28
| Best acquisition, x_best y_best:
  5.9442813066E+01  1.8026162348E+02       1.7481800000E+01
| Global minimum prediction, x_hat mu_hat +- nu_hat:
  5.9803283275E+01  1.8015153572E+02       1.7481521597E+01  8.5899126922E-09
| Global minimum convergence, d_xhat d_muhat:
  3.8295841028E-01  2.2416509189E-04

| GP model hyperparameters (lengthscales variance):
  7.1083281316E-01  5.6811124545E-01       6.5986821501E+01
| Next sampling location x_next:
  5.7803129849E+01  2.4784192859E+01

Iteration time [s]:    3.166        Total time [s]:   37.820

--------------------------------------------------------------------------------
                                BO ITERATION 24                                 
--------------------------------------------------------------------------------
| Evaluating objective function at x = 5.780E+01 2.478E+01
| Objective function evaluated, time [s]        0.458
| Data point added to dataset (x y): 
  5.7803129849E+01  2.4784192859E+01       2.6947300000E+01

| Total ensemble size: 29
| Best acquisition, x_best y_best:
  5.9442813066E+01  1.8026162348E+02       1.7481800000E+01
| Global minimum prediction, x_hat mu_hat +- nu_hat:
  5.9791169909E+01  1.8012999791E+02       1.7481509775E+01  9.3390165822E-09
| Global minimum convergence, d_xhat d_muhat:
  2.4710542839E-02  6.6179172433E-07

| GP model hyperparameters (lengthscales variance):
  6.4046443505E-01  4.9031631045E-01       5.8206323119E+01
| Next sampling location x_next:
  1.6542466356E+02  1.7328289353E+02

Iteration time [s]:    2.002        Total time [s]:   39.825

--------------------------------------------------------------------------------
                                BO ITERATION 25                                 
--------------------------------------------------------------------------------
| Evaluating objective function at x = 1.654E+02 1.733E+02
| Objective function evaluated, time [s]        0.414
| Acquisition location too confident, doing pure exploration
| Data point added to dataset (x y): 
  1.6542466356E+02  1.7328289353E+02       2.0694400000E+01

| Total ensemble size: 30
| Best acquisition, x_best y_best:
  5.9442813066E+01  1.8026162348E+02       1.7481800000E+01
| Global minimum prediction, x_hat mu_hat +- nu_hat:
  5.9779746520E+01  1.8011731845E+02       1.7481507058E+01  9.9296836530E-09
| Global minimum convergence, d_xhat d_muhat:
  1.7066413886E-02  1.5212229638E-07

| GP model hyperparameters (lengthscales variance):
  6.4078376122E-01  5.2584652144E-01       6.4696908011E+01
| Next sampling location x_next:
  1.6763483293E+02  2.8981356436E+02

Iteration time [s]:    3.057        Total time [s]:   42.886

--------------------------------------------------------------------------------
                                BO ITERATION 26                                 
--------------------------------------------------------------------------------
| Evaluating objective function at x = 1.676E+02 2.898E+02
| Objective function evaluated, time [s]        0.397
| Acquisition location too confident, doing pure exploration
| Data point added to dataset (x y): 
  1.6763483293E+02  2.8981356436E+02       3.5640700000E+01

| Total ensemble size: 31
| Best acquisition, x_best y_best:
  5.9442813066E+01  1.8026162348E+02       1.7481800000E+01
| Global minimum prediction, x_hat mu_hat +- nu_hat:
  5.9820191701E+01  1.8017004054E+02       1.7481511734E+01  1.0084148538E-08
| Global minimum convergence, d_xhat d_muhat:
  6.6448713165E-02  2.5749131463E-07

| GP model hyperparameters (lengthscales variance):
  5.9891435178E-01  5.1050133263E-01       5.7588817781E+01
| Next sampling location x_next:
  1.4318323997E+02  4.2468969860E+01

Iteration time [s]:    3.043        Total time [s]:   45.937

--------------------------------------------------------------------------------
                                BO ITERATION 27                                 
--------------------------------------------------------------------------------
| Evaluating objective function at x = 1.432E+02 4.247E+01
| Objective function evaluated, time [s]        0.583
| Acquisition location too confident, doing pure exploration
| Data point added to dataset (x y): 
  1.4318323997E+02  4.2468969860E+01       2.7728300000E+01

| Total ensemble size: 32
| Best acquisition, x_best y_best:
  5.9442813066E+01  1.8026162348E+02       1.7481800000E+01
| Global minimum prediction, x_hat mu_hat +- nu_hat:
  5.9818184380E+01  1.8016407843E+02       1.7481509432E+01  1.0076119405E-08
| Global minimum convergence, d_xhat d_muhat:
  6.2909506673E-03  1.2675102827E-07

| GP model hyperparameters (lengthscales variance):
  6.1440689908E-01  4.6693431206E-01       5.3205976542E+01
| Next sampling location x_next:
 -3.5947328177E+00  6.9927467262E+01

Iteration time [s]:    3.323        Total time [s]:   49.267

--------------------------------------------------------------------------------
                                BO ITERATION 28                                 
--------------------------------------------------------------------------------
| Evaluating objective function at x = -3.595E+00 6.993E+01
| Objective function evaluated, time [s]        0.409
| Acquisition location too confident, doing pure exploration
| Data point added to dataset (x y): 
 -3.5947328177E+00  6.9927467262E+01       3.6589700000E+01

| Total ensemble size: 33
| Best acquisition, x_best y_best:
  5.9442813066E+01  1.8026162348E+02       1.7481800000E+01
| Global minimum prediction, x_hat mu_hat +- nu_hat:
  5.9828027614E+01  1.8017658877E+02       1.7481506729E+01  1.0832833208E-08
| Global minimum convergence, d_xhat d_muhat:
  1.5918475346E-02  1.4146851950E-07

| GP model hyperparameters (lengthscales variance):
  6.1954493672E-01  4.8382070623E-01       5.4887262496E+01
| Next sampling location x_next:
  2.0092020295E+02  9.9112208661E+01

Iteration time [s]:    3.368        Total time [s]:   52.640

--------------------------------------------------------------------------------
                                BO ITERATION 29                                 
--------------------------------------------------------------------------------
| Evaluating objective function at x = 2.009E+02 9.911E+01
| Objective function evaluated, time [s]        0.497
| Acquisition location too confident, doing pure exploration
| Data point added to dataset (x y): 
  2.0092020295E+02  9.9112208661E+01       3.3969400000E+01

| Total ensemble size: 34
| Best acquisition, x_best y_best:
  5.9442813066E+01  1.8026162348E+02       1.7481800000E+01
| Global minimum prediction, x_hat mu_hat +- nu_hat:
  5.9829305972E+01  1.8017515843E+02       1.7481503621E+01  1.0481405876E-08
| Global minimum convergence, d_xhat d_muhat:
  1.9183554638E-03  1.6267228865E-07

| GP model hyperparameters (lengthscales variance):
  6.2794465853E-01  4.8830716855E-01       5.5335892212E+01
| Next sampling location x_next:
  3.0688334858E+02  2.5345276085E+02

Iteration time [s]:    3.409        Total time [s]:   56.053

--------------------------------------------------------------------------------
                                BO ITERATION 30                                 
--------------------------------------------------------------------------------
| Evaluating objective function at x = 3.069E+02 2.535E+02
| Objective function evaluated, time [s]        0.416
| Acquisition location too confident, doing pure exploration
| Data point added to dataset (x y): 
  3.0688334858E+02  2.5345276085E+02       3.0463500000E+01

| Total ensemble size: 35
| Best acquisition, x_best y_best:
  5.9442813066E+01  1.8026162348E+02       1.7481800000E+01
| Global minimum prediction, x_hat mu_hat +- nu_hat:
  5.9826236209E+01  1.8017316700E+02       1.7481506178E+01  9.9075076142E-09
| Global minimum convergence, d_xhat d_muhat:
  3.6591288911E-03  1.3381092079E-07

| GP model hyperparameters (lengthscales variance):
  6.3052544443E-01  5.0677638954E-01       5.7126987180E+01
| Next sampling location x_next:
  8.9705844424E+01  3.0387628047E+02

Iteration time [s]:    3.670        Total time [s]:   59.726

--------------------------------------------------------------------------------
                                BO ITERATION 31                                 
--------------------------------------------------------------------------------
| Evaluating objective function at x = 8.971E+01 3.039E+02
| Objective function evaluated, time [s]        0.522
| Acquisition location too confident, doing pure exploration
| Data point added to dataset (x y): 
  8.9705844424E+01  3.0387628047E+02       3.2026500000E+01

| Total ensemble size: 36
| Best acquisition, x_best y_best:
  5.9442813066E+01  1.8026162348E+02       1.7481800000E+01
| Global minimum prediction, x_hat mu_hat +- nu_hat:
  5.9826685156E+01  1.8017774141E+02       1.7481508961E+01  1.0938426964E-08
| Global minimum convergence, d_xhat d_muhat:
  4.5963821150E-03  1.4567590497E-07

| GP model hyperparameters (lengthscales variance):
  6.1797610642E-01  4.7431293847E-01       5.2626785876E+01
| Next sampling location x_next:
  2.7917151860E+02  6.3632710563E+01

Iteration time [s]:    3.846        Total time [s]:   63.577

--------------------------------------------------------------------------------
                                BO ITERATION 32                                 
--------------------------------------------------------------------------------
| Evaluating objective function at x = 2.792E+02 6.363E+01
| Objective function evaluated, time [s]        0.424
| Acquisition location too confident, doing pure exploration
| Data point added to dataset (x y): 
  2.7917151860E+02  6.3632710563E+01       3.4574200000E+01

| Total ensemble size: 37
| Best acquisition, x_best y_best:
  5.9442813066E+01  1.8026162348E+02       1.7481800000E+01
| Global minimum prediction, x_hat mu_hat +- nu_hat:
  5.9827879653E+01  1.8018105597E+02       1.7481514313E+01  1.1018391444E-08
| Global minimum convergence, d_xhat d_muhat:
  3.5232309107E-03  2.8010063073E-07

| GP model hyperparameters (lengthscales variance):
  6.1733798649E-01  4.8455876624E-01       5.3616469896E+01
| Next sampling location x_next:
  1.8054515188E+02 -5.8235688049E-01

Iteration time [s]:    3.636        Total time [s]:   67.217

--------------------------------------------------------------------------------
                                BO ITERATION 33                                 
--------------------------------------------------------------------------------
| Evaluating objective function at x = 1.805E+02 -5.824E-01
| Objective function evaluated, time [s]        0.517
| Data point added to dataset (x y): 
  1.8054515188E+02 -5.8235688049E-01       1.9617200000E+01

| Total ensemble size: 38
| Best acquisition, x_best y_best:
  5.9442813066E+01  1.8026162348E+02       1.7481800000E+01
| Global minimum prediction, x_hat mu_hat +- nu_hat:
  5.9770632269E+01  1.8012434805E+02       1.7481530604E+01  1.0099034409E-08
| Global minimum convergence, d_xhat d_muhat:
  8.0579468950E-02  8.5256921085E-07

| GP model hyperparameters (lengthscales variance):
  5.3780730412E-01  5.8185572732E-01       7.0758367792E+01
| Next sampling location x_next:
  2.0022749365E+02  7.8636882324E+00

Iteration time [s]:    2.392        Total time [s]:   69.614

--------------------------------------------------------------------------------
                                BO ITERATION 34                                 
--------------------------------------------------------------------------------
| Evaluating objective function at x = 2.002E+02 7.864E+00
| Objective function evaluated, time [s]        0.404
| Data point added to dataset (x y): 
  2.0022749365E+02  7.8636882324E+00       1.8401400000E+01

| Total ensemble size: 39
| Best acquisition, x_best y_best:
  5.9442813066E+01  1.8026162348E+02       1.7481800000E+01
| Global minimum prediction, x_hat mu_hat +- nu_hat:
  5.9771048681E+01  1.8012531814E+02       1.7481531175E+01  9.8544229664E-09
| Global minimum convergence, d_xhat d_muhat:
  1.0556816821E-03  2.9890954616E-08

| GP model hyperparameters (lengthscales variance):
  5.4765936067E-01  5.9076184025E-01       7.2905010658E+01
| Next sampling location x_next:
  1.8384173731E+02  2.1210726013E+01

Iteration time [s]:    2.212        Total time [s]:   71.829

--------------------------------------------------------------------------------
                                BO ITERATION 35                                 
--------------------------------------------------------------------------------
| Evaluating objective function at x = 1.838E+02 2.121E+01
| Objective function evaluated, time [s]        0.419
| Acquisition location too confident, doing pure exploration
| Data point added to dataset (x y): 
  1.8384173731E+02  2.1210726013E+01       1.9322800000E+01

| Total ensemble size: 40
| Best acquisition, x_best y_best:
  5.9442813066E+01  1.8026162348E+02       1.7481800000E+01
| Global minimum prediction, x_hat mu_hat +- nu_hat:
  5.9764713135E+01  1.8011660499E+02       1.7481528998E+01  1.0522972627E-08
| Global minimum convergence, d_xhat d_muhat:
  1.0773025300E-02  1.1392832181E-07

| GP model hyperparameters (lengthscales variance):
  5.4986643960E-01  5.8522633959E-01       7.1545411149E+01
| Next sampling location x_next:
  5.3859102402E+01 -2.6052871457E+01

Iteration time [s]:    4.020        Total time [s]:   75.853

--------------------------------------------------------------------------------
                                BO ITERATION 36                                 
--------------------------------------------------------------------------------
| Evaluating objective function at x = 5.386E+01 -2.605E+01
| Objective function evaluated, time [s]        0.503
| Acquisition location too confident, doing pure exploration
| Data point added to dataset (x y): 
  5.3859102402E+01 -2.6052871457E+01       2.7207300000E+01

| Total ensemble size: 41
| Best acquisition, x_best y_best:
  5.9442813066E+01  1.8026162348E+02       1.7481800000E+01
| Global minimum prediction, x_hat mu_hat +- nu_hat:
  5.9750391283E+01  1.8009998253E+02       1.7481529716E+01  1.2131783489E-08
| Global minimum convergence, d_xhat d_muhat:
  2.1941325758E-02  3.7561906930E-08

| GP model hyperparameters (lengthscales variance):
  5.4843089017E-01  6.1148429670E-01       7.5676184492E+01
| Next sampling location x_next:
  2.5643414183E+02  2.3539460841E+02

Iteration time [s]:    4.036        Total time [s]:   79.893

--------------------------------------------------------------------------------
                                BO ITERATION 37                                 
--------------------------------------------------------------------------------
| Evaluating objective function at x = 2.564E+02 2.354E+02
| Objective function evaluated, time [s]        0.390
| Acquisition location too confident, doing pure exploration
| Data point added to dataset (x y): 
  2.5643414183E+02  2.3539460841E+02       3.3621800000E+01

| Total ensemble size: 42
| Best acquisition, x_best y_best:
  5.9442813066E+01  1.8026162348E+02       1.7481800000E+01
| Global minimum prediction, x_hat mu_hat +- nu_hat:
  5.9749414626E+01  1.8009844665E+02       1.7481528999E+01  1.1947127643E-08
| Global minimum convergence, d_xhat d_muhat:
  1.8201042043E-03  3.7531741616E-08

| GP model hyperparameters (lengthscales variance):
  5.5361357896E-01  6.1797839464E-01       7.6503222862E+01
| Next sampling location x_next:
  3.8897306109E+01  8.7014516868E+01

Iteration time [s]:    4.011        Total time [s]:   83.910

--------------------------------------------------------------------------------
                                BO ITERATION 38                                 
--------------------------------------------------------------------------------
| Evaluating objective function at x = 3.890E+01 8.701E+01
| Objective function evaluated, time [s]        0.505
| Acquisition location too confident, doing pure exploration
| Data point added to dataset (x y): 
  3.8897306109E+01  8.7014516868E+01       3.2841500000E+01

| Total ensemble size: 43
| Best acquisition, x_best y_best:
  5.9442813066E+01  1.8026162348E+02       1.7481800000E+01
| Global minimum prediction, x_hat mu_hat +- nu_hat:
  5.9745263688E+01  1.8009178981E+02       1.7481525170E+01  1.1582221315E-08
| Global minimum convergence, d_xhat d_muhat:
  7.8449817242E-03  2.0040002049E-07

| GP model hyperparameters (lengthscales variance):
  5.5904942878E-01  6.2355092788E-01       7.7330865778E+01
| Next sampling location x_next:
 -3.7516029175E+01  1.0070802842E+02

Iteration time [s]:    4.128        Total time [s]:   88.042

--------------------------------------------------------------------------------
                                BO ITERATION 39                                 
--------------------------------------------------------------------------------
| Evaluating objective function at x = -3.752E+01 1.007E+02
| Objective function evaluated, time [s]        0.407
| Acquisition location too confident, doing pure exploration
| Data point added to dataset (x y): 
 -3.7516029175E+01  1.0070802842E+02       3.4925600000E+01

| Total ensemble size: 44
| Best acquisition, x_best y_best:
  5.9442813066E+01  1.8026162348E+02       1.7481800000E+01
| Global minimum prediction, x_hat mu_hat +- nu_hat:
  5.9745230707E+01  1.8009147624E+02       1.7481524779E+01  1.1312598769E-08
| Global minimum convergence, d_xhat d_muhat:
  3.1530379781E-04  2.0464335089E-08

| GP model hyperparameters (lengthscales variance):
  5.6362979724E-01  6.3137319629E-01       7.8420067008E+01
| Next sampling location x_next:
 -8.0934874687E+00  2.7008507484E+02

Iteration time [s]:    4.027        Total time [s]:   92.073

--------------------------------------------------------------------------------
                                BO ITERATION 40                                 
--------------------------------------------------------------------------------
| Evaluating objective function at x = -8.093E+00 2.701E+02
| Objective function evaluated, time [s]        0.532
| Acquisition location too confident, doing pure exploration
| Data point added to dataset (x y): 
 -8.0934874687E+00  2.7008507484E+02       3.3497300000E+01

| Total ensemble size: 45
| Best acquisition, x_best y_best:
  5.9442813066E+01  1.8026162348E+02       1.7481800000E+01
| Global minimum prediction, x_hat mu_hat +- nu_hat:
  5.9756918835E+01  1.8010742930E+02       1.7481529399E+01  1.0527420624E-08
| Global minimum convergence, d_xhat d_muhat:
  1.9776565765E-02  2.4179945559E-07

| GP model hyperparameters (lengthscales variance):
  5.4458112012E-01  6.0747447623E-01       7.1110282947E+01
| Next sampling location x_next:
  1.6245932312E+02  2.3429851238E+02

Iteration time [s]:    4.374        Total time [s]:   96.451

|| Bayesian optimization completed, time [s]       96.278


--------------------------------------------------------------------------------
                        BOSS is done! Have a nice day :)                        

      Datetime 16-11-2018 08:39:00            Total time [s]       96.455       
--------------------------------------------------------------------------------
