
-----------------------------   Welcome to ....   ------------------------------
                      _______  _______ _______ _______ 
                     |   _   \|   _   |   _   |   _   |
                     |.  1   /|.  |   |   1___|   1___|
                     |.  _   \|.  |   |____   |____   |
                     |:  1    |:  1   |:  1   |:  1   |
                     |::.. .  |::.. . |::.. . |::.. . |
                     `-------'`-------`-------`-------'

                                 Version 0.9.1                                  
                              16-11-2018 08:40:54                               
--------------------------------------------------------------------------------

| Reading BOSS input file from: modified.rst
| Initializing...

--------------------------------------------------------------------------------
                                   INPUT FILE                                   
--------------------------------------------------------------------------------
# input file for alanine 2D (d4-d13)

# optimization
bounds       -50 310; -50 310
kernel       stdp
yrange       0 100
initpts      5
iterpts      40
verbosity    2

# post-processing
pp_iters     0 5 10 15 20 25 30 35 40
pp_models    1

RESULTS:
 -5.000000000000000E+01 -5.000000000000000E+01       2.585050000000000E+01
  1.300000000000000E+02  1.300000000000000E+02       2.753240000000000E+01
  2.200000000000000E+02  4.000000000000000E+01       2.664890000000000E+01
  4.000000000000000E+01  2.200000000000000E+02       2.348490000000000E+01
  8.500000000000000E+01  8.500000000000000E+01       3.377250000000000E+01       3.102829616323693E+01       6.115241377423741E-01  5.568656973162772E-01
  2.106758291700260E+02  2.191814055038100E+02       2.999300000000000E+01       2.797476972390101E+01       5.432714393179835E-01  5.189932583409270E-01
 -3.274881962584129E+01  1.650645169595395E+02       2.151180000000000E+01       2.850046823051284E+01       5.382704824178119E-01  5.365199028961658E-01
  2.800069173930530E+02  1.110356867531818E+02       3.463670000000000E+01       3.414374944820171E+01       6.071072335198217E-01  3.794978791806342E-01
  4.799203443363300E+01  1.686558430718540E+02       1.823270000000000E+01       3.458869133358778E+01       7.810644860939850E-01  3.685853802973961E-01
  1.250347853258498E+02 -1.733243086444851E+01       3.510050000000000E+01       3.804053017461390E+01       6.758746573726737E-01  3.794664254736402E-01
  1.112299635076826E+02  1.846894972214829E+02       2.032890000000000E+01       3.703149830169262E+01       7.812861515749422E-01  3.695780816357281E-01
  3.100000000000000E+02  1.291409564271353E+01       2.506810000000000E+01       3.613909865800543E+01       7.978997355722630E-01  3.818612417875916E-01
  2.148904763385725E+00  1.903574947244849E+02       2.076570000000000E+01       3.587625165668500E+01       8.339325928540355E-01  3.880163584810966E-01
  3.718120259395051E+01  2.763253832436448E+02       3.335780000000000E+01       3.847221415707779E+01       7.478503702205138E-01  4.053199103292042E-01
  2.460464315860612E+02 -1.690128277409805E+01       2.164330000000000E+01       4.277247674927317E+01       7.458335285324680E-01  4.537670906424303E-01
  1.501412881971802E+01  1.465817313358078E+02       2.389920000000000E+01       4.237638183809244E+01       7.591871859200675E-01  4.299075618863886E-01
  2.234317521855394E+02  1.661597643514636E+02       2.690000000000000E+01       4.192957784855090E+01       7.537024860108142E-01  4.484361361848798E-01
  6.666611741085832E+01  1.889316052916751E+02       1.786490000000000E+01       4.544225912317487E+01       7.886549813207391E-01  4.885586937284845E-01
  2.935279681631596E+02  2.006216606070780E+02       2.269370000000000E+01       4.739646008979848E+01       8.077515484711312E-01  5.160836451577966E-01
  7.973172546550488E+01  1.691108694424718E+02       1.860580000000000E+01       4.524476023147344E+01       7.622288672117523E-01  4.993351774369368E-01
  2.436666454632158E+02  2.931288110443173E+02       3.534410000000000E+01       4.939617277514039E+01       7.706943758171110E-01  4.371136447511401E-01
 -2.462056858855884E+00 -1.829220625484649E+01       3.314410000000000E+01       5.273445148347954E+01       6.921283475855511E-01  4.620962918694791E-01
  2.637516016635578E+02  6.746899304000528E+00       1.985920000000000E+01       5.438052213084623E+01       7.145943421917419E-01  4.760408375717567E-01
  1.066870899304210E+02  2.266942598638650E+02       2.708320000000000E+01       5.442507897197395E+01       7.209564917401249E-01  4.797162036384576E-01
  2.819753992722641E+02 -1.405338938561849E+01       1.873670000000000E+01       5.754555423225665E+01       7.115956529792731E-01  4.944502510315563E-01
  5.125075132511657E+01  1.820108883963320E+02       1.762480000000000E+01       6.128474761442757E+01       7.380837947724903E-01  5.124395253661085E-01
  6.233705249691747E+01  1.791925842520285E+02       1.749680000000000E+01       6.361105582338931E+01       7.508887331603453E-01  5.294899819172003E-01
  5.944281306621709E+01  1.802616234756460E+02       1.748180000000000E+01       6.598682150112934E+01       7.108328131556377E-01  5.681112454535105E-01
  5.780312984866440E+01  2.478419285902108E+01       2.694730000000000E+01       5.820632311898513E+01       6.404644350538826E-01  4.903163104533755E-01
  1.654246635582267E+02  1.732828935254679E+02       2.069440000000000E+01       6.469690801080537E+01       6.407837612204871E-01  5.258465214434259E-01
  1.676348329258867E+02  2.898135643584786E+02       3.564070000000000E+01       5.758881778134982E+01       5.989143517817908E-01  5.105013326257931E-01
  1.431832399677062E+02  4.246896986046803E+01       2.772830000000000E+01       5.320597654231625E+01       6.144068990793010E-01  4.669343120585203E-01
 -3.594732817735372E+00  6.992746726247390E+01       3.658970000000000E+01       5.488726249583662E+01       6.195449367155793E-01  4.838207062321289E-01
  2.009202029480356E+02  9.911220866060734E+01       3.396940000000000E+01       5.533589221180689E+01       6.279446585286278E-01  4.883071685504685E-01
  3.068833485849447E+02  2.534527608476128E+02       3.046350000000000E+01       5.712698717974757E+01       6.305254444312381E-01  5.067763895445005E-01
  8.970584442366433E+01  3.038762804738786E+02       3.202650000000000E+01       5.262678587603475E+01       6.179761064202428E-01  4.743129384683107E-01
  2.791715185990875E+02  6.363271056345964E+01       3.457420000000000E+01       5.361646989635707E+01       6.173379864869099E-01  4.845587662425953E-01
  1.805451518769454E+02 -5.823568804926984E-01       1.961720000000000E+01       7.075836779167938E+01       5.378073041169738E-01  5.818557273244993E-01
  2.002274936484125E+02  7.863688232359019E+00       1.840140000000000E+01       7.290501065784110E+01       5.476593606689404E-01  5.907618402536616E-01
  1.838417373112366E+02  2.121072601268001E+01       1.932280000000000E+01       7.154541114879068E+01       5.498664395966140E-01  5.852263395856381E-01
  5.385910240233085E+01 -2.605287145651423E+01       2.720730000000000E+01       7.567618449189776E+01       5.484308901723498E-01  6.114842967002161E-01
  2.564341418315309E+02  2.353946084097424E+02       3.362180000000000E+01       7.650322286172000E+01       5.536135789582577E-01  6.179783946367262E-01
  3.889730610922180E+01  8.701451686784580E+01       3.284150000000000E+01       7.733086577832563E+01       5.590494287820669E-01  6.235509278784210E-01
 -3.751602917491177E+01  1.007080284169732E+02       3.492560000000000E+01       7.842006700772215E+01       5.636297972434315E-01  6.313731962907135E-01
 -8.093487468707981E+00  2.700850748351929E+02       3.349730000000000E+01       7.111028294713904E+01       5.445811201235704E-01  6.074744762280658E-01
--------------------------------------------------------------------------------
                               SIMULATION OPTIONS                               
--------------------------------------------------------------------------------
|| File input/output 
ipfile         modified.rst
userfn         None
outfile        boss_pp.out
rstfile        boss.rst

|| Key settings 
bounds        -5.000E+01 3.100E+02;    -5.000E+01 3.100E+02
kerntype       stdp stdp
yrange         0.000E+00 1.000E+02
noise          1.000E-12
initpts   5    iterpts   40
verbosity      2

|| Data acquisition 
acqfn                elcb
acqtol               1.000E-03

|| GP hyperparameters 
thetainit       5.000E+01 3.142E-01
thetabounds     none
thetaprior      gamma
thetapriorpar   3.549E+00 5.111E-02;    5.618E+00 8.634E+00

|| Hyperparameter optimization
updatefreq   1  initupdate      2
updateoffset 0  updaterestarts  2

| postprocessing
pp_models         = True
pp_acq_funcs      = False
pp_truef_npts     = none
pp_m_slice        = 0 1 25
pp_truef_at_xhats = False
pp_local_minima   = none


| Starting post-processing...
--------------------------------------------------------------------------------
                                POST-PROCESSING                                 
--------------------------------------------------------------------------------
| Post-processing iteration 0
| Post-processing iteration 5
| Post-processing iteration 10
| Post-processing iteration 15
| Post-processing iteration 20
| Post-processing iteration 25
| Post-processing iteration 30
| Post-processing iteration 35
| Post-processing iteration 40
| Post-processing completed, time [s]      110.300


--------------------------------------------------------------------------------
                        BOSS is done! Have a nice day :)                        

      Datetime 16-11-2018 08:42:44            Total time [s]      110.458       
--------------------------------------------------------------------------------
