
-----------------------------   Welcome to ....   ------------------------------
                      _______  _______ _______ _______ 
                     |   _   \|   _   |   _   |   _   |
                     |.  1   /|.  |   |   1___|   1___|
                     |.  _   \|.  |   |____   |____   |
                     |:  1    |:  1   |:  1   |:  1   |
                     |::.. .  |::.. . |::.. . |::.. . |
                     `-------'`-------`-------`-------'

                                 Version 0.9.1                                  
                              16-11-2018 08:54:14                               
--------------------------------------------------------------------------------

| Reading BOSS input file from: boss.in
| Initializing...

--------------------------------------------------------------------------------
                                   INPUT FILE                                   
--------------------------------------------------------------------------------
# boss input file
# for analytic function f(x) = sin(x) + 1.5*exp(-(x-4.3)**2), 0<x<7

# optimization
userfn        user_function.py
bounds        0 7
yrange        -1 1
kernel        rbf
initpts       5
iterpts       15
verbosity     2

# post-processing
pp_models        1
pp_truef_npts    50

--------------------------------------------------------------------------------
                               SIMULATION OPTIONS                               
--------------------------------------------------------------------------------
|| File input/output 
ipfile         boss.in
userfn         user_function.py
outfile        boss.out
rstfile        boss.rst

|| Key settings 
bounds        0.000E+00 7.000E+00
kerntype       rbf
yrange         -1.000E+00 1.000E+00
noise          1.000E-12
inittype       sobol
initpts   5    iterpts   15
verbosity      2

|| Data acquisition 
acqfn                elcb
acqtol               1.000E-03

|| GP hyperparameters 
thetainit       1.000E+00
thetabounds     none
thetaprior      gamma
thetapriorpar   3.549E+00 2.555E+00

|| Hyperparameter optimization
updatefreq   1  initupdate      2
updateoffset 0  updaterestarts  2

| postprocessing
pp_models         = True
pp_acq_funcs      = False
pp_truef_npts     = 50
pp_m_slice        = 0 0 50
pp_truef_at_xhats = False
pp_local_minima   = none


--------------------------------------------------------------------------------
                              INITIAL DATAPOINT 1                               
--------------------------------------------------------------------------------
| Evaluating objective function at x = 0.000E+00
| Objective function evaluated, time [s]        0.000
| Data point added to dataset (x y): 
  0.0000000000E+00       1.3995431362E-08

| Total ensemble size: 1
| Next sampling location x_next:
  3.5000000000E+00

Iteration time [s]:    0.001        Total time [s]:    0.488

--------------------------------------------------------------------------------
                              INITIAL DATAPOINT 2                               
--------------------------------------------------------------------------------
| Evaluating objective function at x = 3.500E+00
| Objective function evaluated, time [s]        0.000
| Data point added to dataset (x y): 
  3.5000000000E+00       4.4015540837E-01

| Total ensemble size: 2
| Next sampling location x_next:
  5.2500000000E+00

Iteration time [s]:    0.001        Total time [s]:    0.489

--------------------------------------------------------------------------------
                              INITIAL DATAPOINT 3                               
--------------------------------------------------------------------------------
| Evaluating objective function at x = 5.250E+00
| Objective function evaluated, time [s]        0.000
| Data point added to dataset (x y): 
  5.2500000000E+00      -2.5060273583E-01

| Total ensemble size: 3
| Next sampling location x_next:
  1.7500000000E+00

Iteration time [s]:    0.001        Total time [s]:    0.490

--------------------------------------------------------------------------------
                              INITIAL DATAPOINT 4                               
--------------------------------------------------------------------------------
| Evaluating objective function at x = 1.750E+00
| Objective function evaluated, time [s]        0.000
| Data point added to dataset (x y): 
  1.7500000000E+00       9.8623547481E-01

| Total ensemble size: 4
| Next sampling location x_next:
  2.6250000000E+00

Iteration time [s]:    0.001        Total time [s]:    0.491

--------------------------------------------------------------------------------
                              INITIAL DATAPOINT 5                               
--------------------------------------------------------------------------------
| Evaluating objective function at x = 2.625E+00
| Objective function evaluated, time [s]        0.000
| Data point added to dataset (x y): 
  2.6250000000E+00       5.8462374799E-01

| Total ensemble size: 5
| Best acquisition, x_best y_best:
  5.2500000000E+00      -2.5060273583E-01
| Global minimum prediction, x_hat mu_hat +- nu_hat:
  5.5961263211E+00      -3.0078801405E-01  5.4243381918E-02

| GP model hyperparameters (lengthscales variance):
  1.0928619567E+00       7.3280044656E-01
| Next sampling location x_next:
  6.9360043362E+00

Iteration time [s]:    0.401        Total time [s]:    0.892

--------------------------------------------------------------------------------
                                 BO ITERATION 1                                 
--------------------------------------------------------------------------------
| Evaluating objective function at x = 6.936E+00
| Objective function evaluated, time [s]        0.000
| Data point added to dataset (x y): 
  6.9360043362E+00       6.0886826552E-01

| Total ensemble size: 6
| Best acquisition, x_best y_best:
  5.2500000000E+00      -2.5060273583E-01
| Global minimum prediction, x_hat mu_hat +- nu_hat:
  5.2786735690E+00      -2.5111047211E-01  3.0825989771E-04
| Global minimum convergence, d_xhat d_muhat:
  3.1745275213E-01  4.0164947615E-02

| GP model hyperparameters (lengthscales variance):
  9.9759723175E-01       6.1004288594E-01
| Next sampling location x_next:
  5.9007051997E+00

Iteration time [s]:    0.190        Total time [s]:    1.083

--------------------------------------------------------------------------------
                                 BO ITERATION 2                                 
--------------------------------------------------------------------------------
| Evaluating objective function at x = 5.901E+00
| Objective function evaluated, time [s]        0.000
| Data point added to dataset (x y): 
  5.9007051997E+00      -2.5752683960E-01

| Total ensemble size: 7
| Best acquisition, x_best y_best:
  5.9007051997E+00      -2.5752683960E-01
| Global minimum prediction, x_hat mu_hat +- nu_hat:
  5.5909490252E+00      -3.2481476557E-01  3.3103654893E-04
| Global minimum convergence, d_xhat d_muhat:
  3.1227545624E-01  5.9259146709E-02

| GP model hyperparameters (lengthscales variance):
  1.2002023026E+00       7.2076390534E-01
| Next sampling location x_next:
  5.5813222302E+00

Iteration time [s]:    0.271        Total time [s]:    1.353

--------------------------------------------------------------------------------
                                 BO ITERATION 3                                 
--------------------------------------------------------------------------------
| Evaluating objective function at x = 5.581E+00
| Objective function evaluated, time [s]        0.000
| Acquisition location too confident, doing pure exploration
| Data point added to dataset (x y): 
  5.5813222302E+00      -3.5519086454E-01

| Total ensemble size: 8
| Best acquisition, x_best y_best:
  5.5813222302E+00      -3.5519086454E-01
| Global minimum prediction, x_hat mu_hat +- nu_hat:
  5.5839075002E+00      -3.5519716040E-01  1.0830677710E-08
| Global minimum convergence, d_xhat d_muhat:
  7.0415250399E-03  2.2649320308E-02

| GP model hyperparameters (lengthscales variance):
  1.0816020321E+00       6.3132215043E-01
| Next sampling location x_next:
  7.4911547601E-01

Iteration time [s]:    0.521        Total time [s]:    1.875

--------------------------------------------------------------------------------
                                 BO ITERATION 4                                 
--------------------------------------------------------------------------------
| Evaluating objective function at x = 7.491E-01
| Objective function evaluated, time [s]        0.000
| Acquisition location too confident, doing pure exploration
| Data point added to dataset (x y): 
  7.4911547601E-01       6.8099631090E-01

| Total ensemble size: 9
| Best acquisition, x_best y_best:
  5.5813222302E+00      -3.5519086454E-01
| Global minimum prediction, x_hat mu_hat +- nu_hat:
  5.5845415809E+00      -3.5520066257E-01  1.0862813671E-08
| Global minimum convergence, d_xhat d_muhat:
  6.3408073018E-04  2.6107776236E-06

| GP model hyperparameters (lengthscales variance):
  1.1130857897E+00       6.2783787288E-01
| Next sampling location x_next:
  4.2254638162E+00

Iteration time [s]:    0.438        Total time [s]:    2.312

--------------------------------------------------------------------------------
                                 BO ITERATION 5                                 
--------------------------------------------------------------------------------
| Evaluating objective function at x = 4.225E+00
| Objective function evaluated, time [s]        0.000
| Acquisition location too confident, doing pure exploration
| Data point added to dataset (x y): 
  4.2254638162E+00       6.0791385940E-01

| Total ensemble size: 10
| Best acquisition, x_best y_best:
  5.5813222302E+00      -3.5519086454E-01
| Global minimum prediction, x_hat mu_hat +- nu_hat:
  5.5733552462E+00      -3.5525431156E-01  1.4863794773E-08
| Global minimum convergence, d_xhat d_muhat:
  1.1186334732E-02  3.9993994489E-05

| GP model hyperparameters (lengthscales variance):
  9.8801503981E-01       5.8668237798E-01
| Next sampling location x_next:
  1.2241774836E+00

Iteration time [s]:    0.448        Total time [s]:    2.761

--------------------------------------------------------------------------------
                                 BO ITERATION 6                                 
--------------------------------------------------------------------------------
| Evaluating objective function at x = 1.224E+00
| Objective function evaluated, time [s]        0.000
| Acquisition location too confident, doing pure exploration
| Data point added to dataset (x y): 
  1.2241774836E+00       9.4064351230E-01

| Total ensemble size: 11
| Best acquisition, x_best y_best:
  5.5813222302E+00      -3.5519086454E-01
| Global minimum prediction, x_hat mu_hat +- nu_hat:
  5.5728832299E+00      -3.5526225582E-01  1.3341353600E-08
| Global minimum convergence, d_xhat d_muhat:
  4.7201625117E-04  5.9222496565E-06

| GP model hyperparameters (lengthscales variance):
  1.0135155271E+00       5.8486983101E-01
| Next sampling location x_next:
  6.6068734354E+00

Iteration time [s]:    0.547        Total time [s]:    3.308

--------------------------------------------------------------------------------
                                 BO ITERATION 7                                 
--------------------------------------------------------------------------------
| Evaluating objective function at x = 6.607E+00
| Objective function evaluated, time [s]        0.000
| Acquisition location too confident, doing pure exploration
| Data point added to dataset (x y): 
  6.6068734354E+00       3.2539223600E-01

| Total ensemble size: 12
| Best acquisition, x_best y_best:
  5.5813222302E+00      -3.5519086454E-01
| Global minimum prediction, x_hat mu_hat +- nu_hat:
  5.5722562568E+00      -3.5527330918E-01  1.0477473133E-08
| Global minimum convergence, d_xhat d_muhat:
  6.2697313243E-04  8.2400024149E-06

| GP model hyperparameters (lengthscales variance):
  1.0364795972E+00       5.9389600971E-01
| Next sampling location x_next:
  2.6565065501E-01

Iteration time [s]:    0.709        Total time [s]:    4.017

--------------------------------------------------------------------------------
                                 BO ITERATION 8                                 
--------------------------------------------------------------------------------
| Evaluating objective function at x = 2.657E-01
| Objective function evaluated, time [s]        0.000
| Acquisition location too confident, doing pure exploration
| Data point added to dataset (x y): 
  2.6565065501E-01       2.6253728303E-01

| Total ensemble size: 13
| Best acquisition, x_best y_best:
  5.5813222302E+00      -3.5519086454E-01
| Global minimum prediction, x_hat mu_hat +- nu_hat:
  5.5717476458E+00      -3.5528319052E-01  1.0558276164E-08
| Global minimum convergence, d_xhat d_muhat:
  5.0861097938E-04  7.3662951248E-06

| GP model hyperparameters (lengthscales variance):
  1.0272373013E+00       6.0637661361E-01
| Next sampling location x_next:
  3.0638023358E+00

Iteration time [s]:    0.597        Total time [s]:    4.614

--------------------------------------------------------------------------------
                                 BO ITERATION 9                                 
--------------------------------------------------------------------------------
| Evaluating objective function at x = 3.064E+00
| Objective function evaluated, time [s]        0.000
| Acquisition location too confident, doing pure exploration
| Data point added to dataset (x y): 
  3.0638023358E+00       4.0310554932E-01

| Total ensemble size: 14
| Best acquisition, x_best y_best:
  5.5813222302E+00      -3.5519086454E-01
| Global minimum prediction, x_hat mu_hat +- nu_hat:
  5.5709359859E+00      -3.5530059891E-01  1.0299098374E-08
| Global minimum convergence, d_xhat d_muhat:
  8.1165990606E-04  1.2977518226E-05

| GP model hyperparameters (lengthscales variance):
  1.0178655194E+00       5.6848848727E-01
| Next sampling location x_next:
  4.6849307811E+00

Iteration time [s]:    0.724        Total time [s]:    5.338

--------------------------------------------------------------------------------
                                BO ITERATION 10                                 
--------------------------------------------------------------------------------
| Evaluating objective function at x = 4.685E+00
| Objective function evaluated, time [s]        0.000
| Acquisition location too confident, doing pure exploration
| Data point added to dataset (x y): 
  4.6849307811E+00       2.9380151695E-01

| Total ensemble size: 15
| Best acquisition, x_best y_best:
  5.5813222302E+00      -3.5519086454E-01
| Global minimum prediction, x_hat mu_hat +- nu_hat:
  5.5713086522E+00      -3.5528917962E-01  9.7640462603E-09
| Global minimum convergence, d_xhat d_muhat:
  3.7266636528E-04  8.5127990408E-06

| GP model hyperparameters (lengthscales variance):
  1.0255817268E+00       5.6902944915E-01
| Next sampling location x_next:
  7.0000000000E+00

Iteration time [s]:    0.892        Total time [s]:    6.230

--------------------------------------------------------------------------------
                                BO ITERATION 11                                 
--------------------------------------------------------------------------------
| Evaluating objective function at x = 7.000E+00
| Objective function evaluated, time [s]        0.000
| Acquisition location too confident, doing pure exploration
| Data point added to dataset (x y): 
  7.0000000000E+00       6.5801009080E-01

| Total ensemble size: 16
| Best acquisition, x_best y_best:
  5.5813222302E+00      -3.5519086454E-01
| Global minimum prediction, x_hat mu_hat +- nu_hat:
  5.5714407273E+00      -3.5529724763E-01  9.6287399386E-09
| Global minimum convergence, d_xhat d_muhat:
  1.3207509060E-04  6.0145027916E-06

| GP model hyperparameters (lengthscales variance):
  1.0296383277E+00       5.7001486564E-01
| Next sampling location x_next:
  2.1429713244E+00

Iteration time [s]:    1.193        Total time [s]:    7.423

--------------------------------------------------------------------------------
                                BO ITERATION 12                                 
--------------------------------------------------------------------------------
| Evaluating objective function at x = 2.143E+00
| Objective function evaluated, time [s]        0.000
| Acquisition location too confident, doing pure exploration
| Data point added to dataset (x y): 
  2.1429713244E+00       8.5502797699E-01

| Total ensemble size: 17
| Best acquisition, x_best y_best:
  5.5813222302E+00      -3.5519086454E-01
| Global minimum prediction, x_hat mu_hat +- nu_hat:
  5.5715157607E+00      -3.5527748676E-01  9.5433619006E-09
| Global minimum convergence, d_xhat d_muhat:
  7.5033345917E-05  1.4731233860E-05

| GP model hyperparameters (lengthscales variance):
  1.0139456547E+00       5.4608293930E-01
| Next sampling location x_next:
  4.8054906838E-01

Iteration time [s]:    0.904        Total time [s]:    8.328

--------------------------------------------------------------------------------
                                BO ITERATION 13                                 
--------------------------------------------------------------------------------
| Evaluating objective function at x = 4.805E-01
| Objective function evaluated, time [s]        0.000
| Acquisition location too confident, doing pure exploration
| Data point added to dataset (x y): 
  4.8054906838E-01       4.6226681942E-01

| Total ensemble size: 18
| Best acquisition, x_best y_best:
  5.5813222302E+00      -3.5519086454E-01
| Global minimum prediction, x_hat mu_hat +- nu_hat:
  5.5715109223E+00      -3.5527683755E-01  9.4764208924E-09
| Global minimum convergence, d_xhat d_muhat:
  4.8383864968E-06  4.8396902317E-07

| GP model hyperparameters (lengthscales variance):
  1.0182807634E+00       5.4708030547E-01
| Next sampling location x_next:
  6.2701236234E+00

Iteration time [s]:    1.411        Total time [s]:    9.739

--------------------------------------------------------------------------------
                                BO ITERATION 14                                 
--------------------------------------------------------------------------------
| Evaluating objective function at x = 6.270E+00
| Objective function evaluated, time [s]        0.000
| Acquisition location too confident, doing pure exploration
| Data point added to dataset (x y): 
  6.2701236234E+00       1.7871988342E-02

| Total ensemble size: 19
| Best acquisition, x_best y_best:
  5.5813222302E+00      -3.5519086454E-01
| Global minimum prediction, x_hat mu_hat +- nu_hat:
  5.5715298299E+00      -3.5529077199E-01  7.6686008876E-09
| Global minimum convergence, d_xhat d_muhat:
  1.8907573613E-05  1.0387774651E-05

| GP model hyperparameters (lengthscales variance):
  1.0179348335E+00       5.4097420415E-01
| Next sampling location x_next:
  3.8904462076E+00

Iteration time [s]:    0.827        Total time [s]:   10.567

--------------------------------------------------------------------------------
                                BO ITERATION 15                                 
--------------------------------------------------------------------------------
| Evaluating objective function at x = 3.890E+00
| Objective function evaluated, time [s]        0.000
| Acquisition location too confident, doing pure exploration
| Data point added to dataset (x y): 
  3.8904462076E+00       5.8756823083E-01

| Total ensemble size: 20
| Best acquisition, x_best y_best:
  5.5813222302E+00      -3.5519086454E-01
| Global minimum prediction, x_hat mu_hat +- nu_hat:
  5.5715299284E+00      -3.5528115456E-01  7.3620897378E-09
| Global minimum convergence, d_xhat d_muhat:
  9.8518449398E-08  7.1695502949E-06

| GP model hyperparameters (lengthscales variance):
  1.0171417834E+00       5.3944148189E-01
| Next sampling location x_next:
  1.1704150316E-01

Iteration time [s]:    0.806        Total time [s]:   11.372

|| Bayesian optimization completed, time [s]       11.040

| Starting post-processing...
--------------------------------------------------------------------------------
                                POST-PROCESSING                                 
--------------------------------------------------------------------------------
| Post-processing iteration 0
| Post-processing iteration 1
| Post-processing iteration 2
| Post-processing iteration 3
| Post-processing iteration 4
| Post-processing iteration 5
| Post-processing iteration 6
| Post-processing iteration 7
| Post-processing iteration 8
| Post-processing iteration 9
| Post-processing iteration 10
| Post-processing iteration 11
| Post-processing iteration 12
| Post-processing iteration 13
| Post-processing iteration 14
| Post-processing iteration 15
| Dumping and plotting true function
| Replotting 1D models with true function
| Post-processing completed, time [s]       29.665


--------------------------------------------------------------------------------
                        BOSS is done! Have a nice day :)                        

      Datetime 16-11-2018 08:54:55            Total time [s]       41.038       
--------------------------------------------------------------------------------
